  Matrix3.cpp
  Matrix4.cpp
  Source.cpp
  Vector2.cpp
  Vector3.cpp
  Vector4.cpp
  Generating Code...
c:\users\troyr\desktop\programming\maths for games\maths for games\vector4.cpp(148): warning C4172: returning address of local variable or temporary
c:\users\troyr\desktop\programming\maths for games\maths for games\vector4.cpp(144): warning C4172: returning address of local variable or temporary
c:\users\troyr\desktop\programming\maths for games\maths for games\vector4.cpp(140): warning C4172: returning address of local variable or temporary
c:\users\troyr\desktop\programming\maths for games\maths for games\vector4.cpp(152): warning C4172: returning address of local variable or temporary
c:\users\troyr\desktop\programming\maths for games\maths for games\vector4.cpp(160): warning C4172: returning address of local variable or temporary
c:\users\troyr\desktop\programming\maths for games\maths for games\vector4.cpp(156): warning C4172: returning address of local variable or temporary
c:\users\troyr\desktop\programming\maths for games\maths for games\vector4.cpp(164): warning C4172: returning address of local variable or temporary
c:\users\troyr\desktop\programming\maths for games\maths for games\vector4.cpp(168): warning C4172: returning address of local variable or temporary
c:\users\troyr\desktop\programming\maths for games\maths for games\vector4.cpp(136): warning C4172: returning address of local variable or temporary
c:\users\troyr\desktop\programming\maths for games\maths for games\vector3.cpp(128): warning C4172: returning address of local variable or temporary
c:\users\troyr\desktop\programming\maths for games\maths for games\vector3.cpp(136): warning C4172: returning address of local variable or temporary
c:\users\troyr\desktop\programming\maths for games\maths for games\vector3.cpp(140): warning C4172: returning address of local variable or temporary
c:\users\troyr\desktop\programming\maths for games\maths for games\vector3.cpp(132): warning C4172: returning address of local variable or temporary
c:\users\troyr\desktop\programming\maths for games\maths for games\vector3.cpp(144): warning C4172: returning address of local variable or temporary
c:\users\troyr\desktop\programming\maths for games\maths for games\vector3.cpp(148): warning C4172: returning address of local variable or temporary
c:\users\troyr\desktop\programming\maths for games\maths for games\vector3.cpp(152): warning C4172: returning address of local variable or temporary
c:\users\troyr\desktop\programming\maths for games\maths for games\vector3.cpp(156): warning C4172: returning address of local variable or temporary
c:\users\troyr\desktop\programming\maths for games\maths for games\vector3.cpp(160): warning C4172: returning address of local variable or temporary
  Maths For Games.vcxproj -> C:\Users\troyr\Desktop\Programming\Maths For Games\x64\Debug\Maths For Games.lib
